<?xml version="1.0" encoding="UTF-8"?>
<testng-results skipped="0" failed="0" ignored="0" total="1" passed="1">
  <reporter-output>
  </reporter-output>
  <suite name="regression" duration-ms="46059" started-at="2020-02-26T21:33:47 CST" finished-at="2020-02-26T21:34:33 CST">
    <groups>
    </groups>
    <test name="NewAccountTest" duration-ms="46059" started-at="2020-02-26T21:33:47 CST" finished-at="2020-02-26T21:34:33 CST">
      <class name="test.NewAccountTest">
        <test-method status="PASS" signature="OpenANewAccount(java.lang.String, java.lang.String, java.lang.String, java.lang.String, java.lang.String)[pri:0, instance:test.NewAccountTest@7b49cea0]" name="OpenANewAccount" duration-ms="46008" started-at="2020-02-26T21:33:47 CST" finished-at="2020-02-26T21:34:33 CST">
          <params>
            <param index="0">
              <value>
                <![CDATA[techfiosdemo@gmail.com]]>
              </value>
            </param>
            <param index="1">
              <value>
                <![CDATA[abc123]]>
              </value>
            </param>
            <param index="2">
              <value>
                <![CDATA[Robert]]>
              </value>
            </param>
            <param index="3">
              <value>
                <![CDATA[Checking]]>
              </value>
            </param>
            <param index="4">
              <value>
                <![CDATA[200]]>
              </value>
            </param>
          </params>
          <reporter-output>
          </reporter-output>
        </test-method> <!-- OpenANewAccount -->
      </class> <!-- test.NewAccountTest -->
    </test> <!-- NewAccountTest -->
  </suite> <!-- regression -->
</testng-results>
